<?xml version="1.0" encoding="UTF-8"?>
<!-- Generated by org.testng.reporters.JUnitReportReporter -->
<testsuite ignored="0" hostname="DESKTOP-AH44PUK" failures="0" tests="1" name="Acadamy.Maven.java.SeleniumTest" time="0.016" errors="0" timestamp="15 Mar 2022 12:29:27 GMT" skipped="0">
  <testcase classname="Acadamy.Maven.java.SeleniumTest" name="MavenrunTest" time="0.016"/>
</testsuite> <!-- Acadamy.Maven.java.SeleniumTest -->
