<?xml version="1.0" encoding="UTF-8"?>
<!-- Generated by org.testng.reporters.JUnitReportReporter -->
<testsuite ignored="0" hostname="DESKTOP-AH44PUK" failures="0" tests="1" name="Acadamy.Maven.java.RestApiTest" time="0.012" errors="0" timestamp="15 Mar 2022 11:31:04 GMT" skipped="0">
  <testcase classname="Acadamy.Maven.java.RestApiTest" name="MavenruningTest" time="0.012"/>
</testsuite> <!-- Acadamy.Maven.java.RestApiTest -->
